[2026-03-23T11:58:06] START 05_repeatability\allpairs_1000_seed_20202
building runtimes...
runtime standard           | lwe_dim=1012 poly=8192 pbs=(15,2) | seed=24298 | bsk_gen=2.57s fourier=0.34s
runtime sdr_pbs              | lwe_dim=1012 poly=8192 pbs=(15,2) | seed=28394 | bsk_gen=2.64s fourier=0.10s
runtime many-lut           | lwe_dim=1012 poly=8192 pbs=(15,2) | seed=32490 | bsk_gen=2.58s fourier=0.11s

=== tanh_sech2 ===
tanh_sech2 | standard_pbs | bits=10 | points=1000
  significant errors > 1.0% range: 3
  projection events: 0 | invalid outputs: 0 | avg eval: 221212.72 us
  output1 [-1.0000, 1.0000] mean=1.966e-3 rmse=2.909e-3 p95=6.276e-3 max=1.632e-2
  output2 [0.0000, 1.0000] mean=1.809e-3 rmse=2.498e-3 p95=5.170e-3 max=1.074e-2
tanh_sech2 | sdr_pbs | bits=10 | points=1000
  significant errors > 1.0% range: 3
  projection events: 1000 | invalid outputs: 0 | avg eval: 109278.08 us
  output1 [-1.0000, 1.0000] mean=2.029e-3 rmse=3.000e-3 p95=6.482e-3 max=2.054e-2
  output2 [0.0000, 1.0000] mean=1.905e-3 rmse=2.631e-3 p95=5.352e-3 max=1.114e-2
tanh_sech2 | many_lut | bits=9 | points=1000
  significant errors > 1.0% range: 67
  projection events: 0 | invalid outputs: 0 | avg eval: 110204.23 us
  output1 [-1.0000, 1.0000] mean=3.927e-3 rmse=5.730e-3 p95=1.270e-2 max=2.879e-2
  output2 [0.0000, 1.0000] mean=3.672e-3 rmse=5.084e-3 p95=1.091e-2 max=2.069e-2

=== sigmoid_sigmoid_deriv ===
sigmoid_sigmoid_deriv | standard_pbs | bits=10 | points=1000
  significant errors > 1.0% range: 16
  projection events: 0 | invalid outputs: 0 | avg eval: 216402.61 us
  output1 [0.0000, 1.0000] mean=1.037e-3 rmse=1.759e-3 p95=3.919e-3 max=1.185e-2
  output2 [0.0000, 0.2500] mean=4.779e-4 rmse=7.729e-4 p95=1.570e-3 max=5.603e-3
sigmoid_sigmoid_deriv | sdr_pbs | bits=10 | points=1000
  significant errors > 1.0% range: 16
  projection events: 1000 | invalid outputs: 0 | avg eval: 110752.40 us
  output1 [0.0000, 1.0000] mean=9.860e-4 rmse=1.698e-3 p95=3.883e-3 max=9.067e-3
  output2 [0.0000, 0.2500] mean=4.899e-4 rmse=7.807e-4 p95=1.791e-3 max=4.360e-3
sigmoid_sigmoid_deriv | many_lut | bits=9 | points=1000
  significant errors > 1.0% range: 119
  projection events: 0 | invalid outputs: 0 | avg eval: 110995.43 us
  output1 [0.0000, 1.0000] mean=2.091e-3 rmse=3.560e-3 p95=7.708e-3 max=2.398e-2
  output2 [0.0000, 0.2500] mean=9.611e-4 rmse=1.503e-3 p95=3.270e-3 max=7.443e-3

=== softplus_sigmoid ===
softplus_sigmoid | standard_pbs | bits=10 | points=1000
  significant errors > 1.0% range: 0
  projection events: 0 | invalid outputs: 0 | avg eval: 220751.13 us
  output1 [0.0180, 4.0180] mean=4.070e-3 rmse=6.086e-3 p95=1.263e-2 max=3.227e-2
  output2 [0.0000, 1.0000] mean=9.867e-4 rmse=1.437e-3 p95=3.310e-3 max=6.506e-3
softplus_sigmoid | sdr_pbs | bits=10 | points=1000
  significant errors > 1.0% range: 0
  projection events: 1000 | invalid outputs: 0 | avg eval: 111216.58 us
  output1 [0.0180, 4.0180] mean=4.152e-3 rmse=6.212e-3 p95=1.506e-2 max=2.653e-2
  output2 [0.0000, 1.0000] mean=1.019e-3 rmse=1.487e-3 p95=3.174e-3 max=7.184e-3
softplus_sigmoid | many_lut | bits=9 | points=1000
  significant errors > 1.0% range: 17
  projection events: 0 | invalid outputs: 0 | avg eval: 111079.27 us
  output1 [0.0180, 4.0180] mean=8.099e-3 rmse=1.207e-2 p95=2.782e-2 max=5.106e-2
  output2 [0.0000, 1.0000] mean=1.928e-3 rmse=2.784e-3 p95=6.005e-3 max=1.462e-2

=== swish_swish_deriv ===
swish_swish_deriv | standard_pbs | bits=10 | points=1000
  significant errors > 1.0% range: 2
  projection events: 0 | invalid outputs: 0 | avg eval: 220152.08 us
  output1 [-0.2785, 4.0000] mean=4.359e-3 rmse=6.775e-3 p95=1.605e-2 max=3.045e-2
  output2 [-0.1000, 1.1000] mean=1.262e-3 rmse=2.236e-3 p95=4.869e-3 max=1.698e-2
swish_swish_deriv | sdr_pbs | bits=10 | points=1000
  significant errors > 1.0% range: 3
  projection events: 1000 | invalid outputs: 0 | avg eval: 111018.03 us
  output1 [-0.2785, 4.0000] mean=4.451e-3 rmse=6.893e-3 p95=1.606e-2 max=2.914e-2
  output2 [-0.1000, 1.1000] mean=1.427e-3 rmse=2.493e-3 p95=5.842e-3 max=1.316e-2
swish_swish_deriv | many_lut | bits=9 | points=1000
  significant errors > 1.0% range: 32
  projection events: 0 | invalid outputs: 0 | avg eval: 110376.57 us
  output1 [-0.2785, 4.0000] mean=8.695e-3 rmse=1.347e-2 p95=3.046e-2 max=5.929e-2
  output2 [-0.1000, 1.1000] mean=2.386e-3 rmse=3.974e-3 p95=8.765e-3 max=3.254e-2

=== gelu_gelu_deriv ===
gelu_gelu_deriv | standard_pbs | bits=10 | points=1000
  significant errors > 1.0% range: 15
  projection events: 0 | invalid outputs: 0 | avg eval: 216982.35 us
  output1 [-0.1700, 4.0000] mean=4.430e-3 rmse=7.042e-3 p95=1.709e-2 max=4.228e-2
  output2 [-0.1200, 1.1200] mean=1.354e-3 rmse=2.818e-3 p95=6.459e-3 max=2.056e-2
gelu_gelu_deriv | sdr_pbs | bits=10 | points=1000
  significant errors > 1.0% range: 16
  projection events: 1000 | invalid outputs: 0 | avg eval: 108250.68 us
  output1 [-0.1700, 4.0000] mean=4.617e-3 rmse=7.230e-3 p95=1.639e-2 max=3.994e-2
  output2 [-0.1200, 1.1200] mean=1.540e-3 rmse=3.266e-3 p95=7.098e-3 max=2.294e-2
gelu_gelu_deriv | many_lut | bits=9 | points=1000
  significant errors > 1.0% range: 67
  projection events: 0 | invalid outputs: 0 | avg eval: 106292.61 us
  output1 [-0.1700, 4.0000] mean=8.466e-3 rmse=1.321e-2 p95=3.085e-2 max=6.490e-2
  output2 [-0.1200, 1.1200] mean=2.725e-3 rmse=5.628e-3 p95=1.299e-2 max=5.057e-2

=== elu_elu_deriv ===
elu_elu_deriv | standard_pbs | bits=10 | points=1000
  significant errors > 1.0% range: 11
  projection events: 0 | invalid outputs: 0 | avg eval: 219866.09 us
  output1 [-1.0000, 3.0000] mean=4.078e-3 rmse=6.004e-3 p95=1.381e-2 max=2.912e-2
  output2 [0.0000, 1.0000] mean=9.594e-4 rmse=2.216e-3 p95=4.816e-3 max=1.621e-2
elu_elu_deriv | sdr_pbs | bits=10 | points=1000
  significant errors > 1.0% range: 14
  projection events: 1000 | invalid outputs: 0 | avg eval: 108738.65 us
  output1 [-1.0000, 3.0000] mean=4.215e-3 rmse=6.221e-3 p95=1.412e-2 max=2.393e-2
  output2 [0.0000, 1.0000] mean=1.074e-3 rmse=2.528e-3 p95=5.136e-3 max=1.911e-2
elu_elu_deriv | many_lut | bits=9 | points=1000
  significant errors > 1.0% range: 58
  projection events: 0 | invalid outputs: 0 | avg eval: 107276.79 us
  output1 [-1.0000, 3.0000] mean=7.973e-3 rmse=1.182e-2 p95=2.751e-2 max=4.902e-2
  output2 [0.0000, 1.0000] mean=1.820e-3 rmse=4.198e-3 p95=9.791e-3 max=3.886e-2

=== mish_mish_deriv ===
mish_mish_deriv | standard_pbs | bits=10 | points=1000
  significant errors > 1.0% range: 1
  projection events: 0 | invalid outputs: 0 | avg eval: 213026.04 us
  output1 [-0.3100, 3.0000] mean=3.531e-3 rmse=5.507e-3 p95=1.293e-2 max=2.338e-2
  output2 [-0.1100, 1.2600] mean=1.407e-3 rmse=2.347e-3 p95=5.406e-3 max=1.437e-2
mish_mish_deriv | sdr_pbs | bits=10 | points=1000
  significant errors > 1.0% range: 1
  projection events: 1000 | invalid outputs: 0 | avg eval: 106353.91 us
  output1 [-0.3100, 3.0000] mean=3.633e-3 rmse=5.852e-3 p95=1.421e-2 max=2.806e-2
  output2 [-0.1100, 1.2600] mean=1.493e-3 rmse=2.518e-3 p95=5.837e-3 max=1.401e-2
mish_mish_deriv | many_lut | bits=9 | points=1000
  significant errors > 1.0% range: 55
  projection events: 0 | invalid outputs: 0 | avg eval: 105979.91 us
  output1 [-0.3100, 3.0000] mean=7.218e-3 rmse=1.140e-2 p95=2.673e-2 max=5.484e-2
  output2 [-0.1100, 1.2600] mean=2.864e-3 rmse=5.126e-3 p95=1.175e-2 max=3.160e-2

summary written to D:\Re-test-artifacts\paper-results\05_repeatability\allpairs_1000_seed_20202\summary.csv
[2026-03-23T12:49:17] END   05_repeatability\allpairs_1000_seed_20202
