[2026-03-23T15:46:40] START 08_bitwidth_sensitivity\softplus_sigmoid\bits_8
building runtimes...
runtime standard           | lwe_dim=1012 poly=2048 pbs=(15,2) | seed=64104 | bsk_gen=0.36s fourier=0.24s
runtime sdr_pbs              | lwe_dim=1012 poly=2048 pbs=(15,2) | seed=68200 | bsk_gen=0.36s fourier=0.02s
runtime many-lut           | lwe_dim=1012 poly=8192 pbs=(15,2) | seed=72296 | bsk_gen=2.58s fourier=0.34s

=== softplus_sigmoid ===
softplus_sigmoid | standard_pbs | bits=8 | points=1000
  significant errors > 1.0% range: 181
  projection events: 0 | invalid outputs: 0 | avg eval: 49470.75 us
  output1 [0.0180, 4.0180] mean=1.688e-2 rmse=2.522e-2 p95=5.890e-2 max=1.060e-1
  output2 [0.0000, 1.0000] mean=3.837e-3 rmse=5.578e-3 p95=1.176e-2 max=2.933e-2
softplus_sigmoid | sdr_pbs | bits=8 | points=1000
  significant errors > 1.0% range: 177
  projection events: 1000 | invalid outputs: 0 | avg eval: 24451.43 us
  output1 [0.0180, 4.0180] mean=1.592e-2 rmse=2.368e-2 p95=5.250e-2 max=1.143e-1
  output2 [0.0000, 1.0000] mean=4.078e-3 rmse=5.839e-3 p95=1.274e-2 max=2.912e-2
softplus_sigmoid | many_lut | bits=8 | points=1000
  significant errors > 1.0% range: 30
  projection events: 0 | invalid outputs: 0 | avg eval: 105596.68 us
  output1 [0.0180, 4.0180] mean=9.333e-3 rmse=1.350e-2 p95=3.259e-2 max=5.482e-2
  output2 [0.0000, 1.0000] mean=2.201e-3 rmse=3.097e-3 p95=6.927e-3 max=1.331e-2

summary written to D:\Re-test-artifacts\paper-results\08_bitwidth_sensitivity\softplus_sigmoid\bits_8\summary.csv
[2026-03-23T15:49:46] END   08_bitwidth_sensitivity\softplus_sigmoid\bits_8
